\BOOKMARK [0][]{chapter.1}{Introduction}{}% 1
\BOOKMARK [1][]{section.1.1}{Motivation}{chapter.1}% 2
\BOOKMARK [1][]{section.1.2}{Problem Definition}{chapter.1}% 3
\BOOKMARK [1][]{section.1.3}{Usage Scenario}{chapter.1}% 4
\BOOKMARK [1][]{section.1.4}{Overview of our Approach}{chapter.1}% 5
\BOOKMARK [2][]{subsection.1.4.1}{Content Reusability and Interoperability}{section.1.4}% 6
\BOOKMARK [2][]{subsection.1.4.2}{Social Collaboration}{section.1.4}% 7
\BOOKMARK [2][]{subsection.1.4.3}{Multilinguality}{section.1.4}% 8
\BOOKMARK [0][]{chapter.2}{Collaborative authoring on the Web}{}% 9
\BOOKMARK [1][]{section.2.1}{Crowdsourcing}{chapter.2}% 10
\BOOKMARK [2][]{subsection.2.1.1}{Definitions}{section.2.1}% 11
\BOOKMARK [2][]{subsection.2.1.2}{Benefits, Limitations and Controversies}{section.2.1}% 12
\BOOKMARK [1][]{section.2.2}{Web 2.0 and Social Networking}{chapter.2}% 13
\BOOKMARK [2][]{subsection.2.2.1}{Definitions}{section.2.2}% 14
\BOOKMARK [2][]{subsection.2.2.2}{Benefits, Limitations and Controversies}{section.2.2}% 15
\BOOKMARK [1][]{section.2.3}{Wiki}{chapter.2}% 16
\BOOKMARK [2][]{subsection.2.3.1}{Definitions}{section.2.3}% 17
\BOOKMARK [2][]{subsection.2.3.2}{Benefits, Limitations and Controversies}{section.2.3}% 18
\BOOKMARK [0][]{chapter.3}{State of the Art: Systematic Literature Study}{}% 19
\BOOKMARK [1][]{section.3.1}{Organization of the Study and Paper Selection}{chapter.3}% 20
\BOOKMARK [2][]{subsection.3.1.1}{Research Questions}{section.3.1}% 21
\BOOKMARK [2][]{subsection.3.1.2}{Search Strategy}{section.3.1}% 22
\BOOKMARK [2][]{subsection.3.1.3}{Study Selection}{section.3.1}% 23
\BOOKMARK [1][]{section.3.2}{Paper Categorization and Domain Overview}{chapter.3}% 24
\BOOKMARK [2][]{subsection.3.2.1}{Analysis of Existing Surveys}{section.3.2}% 25
\BOOKMARK [2][]{subsection.3.2.2}{Analysis of Paper Distribution}{section.3.2}% 26
\BOOKMARK [1][]{section.3.3}{Terminology}{chapter.3}% 27
\BOOKMARK [2][]{subsection.3.3.1}{Learning}{section.3.3}% 28
\BOOKMARK [2][]{subsection.3.3.2}{Content}{section.3.3}% 29
\BOOKMARK [2][]{subsection.3.3.3}{Authoring}{section.3.3}% 30
\BOOKMARK [2][]{subsection.3.3.4}{Technical Concepts and Technologies}{section.3.3}% 31
\BOOKMARK [1][]{section.3.4}{Educational Content Co-creation Studies}{chapter.3}% 32
\BOOKMARK [2][]{subsection.3.4.1}{Collaborative Content Authoring}{section.3.4}% 33
\BOOKMARK [2][]{subsection.3.4.2}{Content Categorization}{section.3.4}% 34
\BOOKMARK [2][]{subsection.3.4.3}{Content Personalization and Recommendation}{section.3.4}% 35
\BOOKMARK [2][]{subsection.3.4.4}{Content Localization}{section.3.4}% 36
\BOOKMARK [2][]{subsection.3.4.5}{Content Quality Assurance}{section.3.4}% 37
\BOOKMARK [1][]{section.3.5}{Educational Content Reuse and Re-purpose Studies}{chapter.3}% 38
\BOOKMARK [1][]{section.3.6}{Social Collaboration on Educational Content Studies}{chapter.3}% 39
\BOOKMARK [2][]{subsection.3.6.1}{User Coordination}{section.3.6}% 40
\BOOKMARK [2][]{subsection.3.6.2}{User Engagement}{section.3.6}% 41
\BOOKMARK [1][]{section.3.7}{Conclusions}{chapter.3}% 42
\BOOKMARK [0][]{chapter.4}{Collaboration on Multilingual Structured Educational Content}{}% 43
\BOOKMARK [1][]{section.4.1}{CrowdLearn Concept}{chapter.4}% 44
\BOOKMARK [1][]{section.4.2}{WikiApp Data Model}{chapter.4}% 45
\BOOKMARK [1][]{section.4.3}{Co-evolution of Structured Multilingual Educational Content \(CoSMEC\)}{chapter.4}% 46
\BOOKMARK [1][]{section.4.4}{Conclusions}{chapter.4}% 47
\BOOKMARK [0][]{chapter.5}{Implementation and Evaluation}{}% 48
\BOOKMARK [1][]{section.5.1}{SlideWiki Architecture, Functionality and User Interface}{chapter.5}% 49
\BOOKMARK [2][]{subsection.5.1.1}{Content Development.}{section.5.1}% 50
\BOOKMARK [2][]{subsection.5.1.2}{Content Migration.}{section.5.1}% 51
\BOOKMARK [2][]{subsection.5.1.3}{Multilinguality}{section.5.1}% 52
\BOOKMARK [2][]{subsection.5.1.4}{User Engagement and Social networking}{section.5.1}% 53
\BOOKMARK [2][]{subsection.5.1.5}{E-Learning and E-assessment.}{section.5.1}% 54
\BOOKMARK [1][]{section.5.2}{Limitations of the Implementation and Description of the Next Generation}{chapter.5}% 55
\BOOKMARK [2][]{subsection.5.2.1}{Usability Studies}{section.5.2}% 56
\BOOKMARK [2][]{subsection.5.2.2}{Defined Issues of Current Implementation and Proposed Solutions}{section.5.2}% 57
\BOOKMARK [0][]{chapter.6}{Discussion and Conclusion}{}% 58
\BOOKMARK [0][]{appendix.A}{Research Paper: Measuring the quality of relational to RDF mappings}{}% 59
\BOOKMARK [1][]{section.A.1}{Abstract}{appendix.A}% 60
\BOOKMARK [1][]{section.A.2}{Introduction}{appendix.A}% 61
\BOOKMARK [1][]{section.A.3}{Related work}{appendix.A}% 62
\BOOKMARK [1][]{section.A.4}{Quality Requirements}{appendix.A}% 63
\BOOKMARK [2][]{subsection.A.4.1}{Quality of the mapping implementation and representation}{section.A.4}% 64
\BOOKMARK [2][]{subsection.A.4.2}{Faithfulness of the output}{section.A.4}% 65
\BOOKMARK [2][]{subsection.A.4.3}{Quality of the output}{section.A.4}% 66
\BOOKMARK [2][]{subsection.A.4.4}{Interoperability}{section.A.4}% 67
\BOOKMARK [1][]{section.A.5}{Evaluation}{appendix.A}% 68
\BOOKMARK [1][]{section.A.6}{Conclusion}{appendix.A}% 69
\BOOKMARK [0][]{appendix.B}{Research Paper: Balanced scoring method for multiple-mark questions}{}% 70
\BOOKMARK [1][]{section.B.1}{Abstract}{appendix.B}% 71
\BOOKMARK [1][]{section.B.2}{Introduction}{appendix.B}% 72
\BOOKMARK [1][]{section.B.3}{Terminology}{appendix.B}% 73
\BOOKMARK [1][]{section.B.4}{Related work}{appendix.B}% 74
\BOOKMARK [2][]{subsection.B.4.1}{Dichotomous scoring}{section.B.4}% 75
\BOOKMARK [2][]{subsection.B.4.2}{Morgan algorithm}{section.B.4}% 76
\BOOKMARK [2][]{subsection.B.4.3}{MTF scoring}{section.B.4}% 77
\BOOKMARK [2][]{subsection.B.4.4}{Ripkey algorithm}{section.B.4}% 78
\BOOKMARK [1][]{section.B.5}{Balanced scoring method for MMQs}{appendix.B}% 79
\BOOKMARK [2][]{subsection.B.5.1}{Concepts}{section.B.5}% 80
\BOOKMARK [2][]{subsection.B.5.2}{Mathematical model}{section.B.5}% 81
\BOOKMARK [1][]{section.B.6}{Evaluation}{appendix.B}% 82
\BOOKMARK [2][]{subsection.B.6.1}{Synthetic experiments}{section.B.6}% 83
\BOOKMARK [1][]{section.B.7}{Conclusions}{appendix.B}% 84
\BOOKMARK [0][]{appendix.C}{RDB2RDF Mapping Documentation}{}% 85
\BOOKMARK [1][]{section.C.1}{R2RML mapping representation}{appendix.C}% 86
\BOOKMARK [1][]{section.C.2}{Tabular mapping representation}{appendix.C}% 87
\BOOKMARK [1][]{section.C.3}{SlideWiki knowledge graph}{appendix.C}% 88
\BOOKMARK [0][]{chapter*.59}{Bibliography}{}% 89
\BOOKMARK [0][]{chapter*.60}{List of Figures}{}% 90
\BOOKMARK [0][]{chapter*.61}{List of Tables}{}% 91
